<?xml version="1.0" encoding="UTF-8"?>
<testng-results ignored="0" total="6" passed="6" failed="0" skipped="0">
  <reporter-output>
  </reporter-output>
  <suite started-at="2024-11-23T12:17:18 IST" name="Default suite" finished-at="2024-11-23T12:17:19 IST" duration-ms="175">
    <groups>
    </groups>
    <test started-at="2024-11-23T12:17:18 IST" name="Default test" finished-at="2024-11-23T12:17:19 IST" duration-ms="175">
      <class name="com.testng.FBSignUpPage">
        <test-method signature="signUp(java.lang.Object,java.lang.Object,java.lang.Object,java.lang.Object,java.lang.Object,java.lang.Object)[pri:0, instance:com.testng.FBSignUpPage@14dd9eb7]" started-at="2024-11-23T12:17:18 IST" name="signUp" data-provider="signUPData" finished-at="2024-11-23T12:17:18 IST" duration-ms="29" status="PASS">
          <params>
            <param index="0">
              <value>
                <![CDATA[Firsname]]>
              </value>
            </param>
            <param index="1">
              <value>
                <![CDATA[Surname]]>
              </value>
            </param>
            <param index="2">
              <value>
                <![CDATA[DoB]]>
              </value>
            </param>
            <param index="3">
              <value>
                <![CDATA[GenderRadioBtn]]>
              </value>
            </param>
            <param index="4">
              <value>
                <![CDATA[MoNum]]>
              </value>
            </param>
            <param index="5">
              <value>
                <![CDATA[NewPass]]>
              </value>
            </param>
          </params>
          <reporter-output>
          </reporter-output>
        </test-method> <!-- signUp -->
        <test-method signature="signUp(java.lang.Object,java.lang.Object,java.lang.Object,java.lang.Object,java.lang.Object,java.lang.Object)[pri:0, instance:com.testng.FBSignUpPage@14dd9eb7]" started-at="2024-11-23T12:17:18 IST" name="signUp" data-provider="signUPData" finished-at="2024-11-23T12:17:18 IST" duration-ms="8" status="PASS">
          <params>
            <param index="0">
              <value>
                <![CDATA[Vasant]]>
              </value>
            </param>
            <param index="1">
              <value>
                <![CDATA[Chavan]]>
              </value>
            </param>
            <param index="2">
              <value>
                <![CDATA[22-Apr-1990]]>
              </value>
            </param>
            <param index="3">
              <value>
                <![CDATA[Male]]>
              </value>
            </param>
            <param index="4">
              <value>
                <![CDATA[9898987656]]>
              </value>
            </param>
            <param index="5">
              <value>
                <![CDATA[Vasant@123$]]>
              </value>
            </param>
          </params>
          <reporter-output>
          </reporter-output>
        </test-method> <!-- signUp -->
        <test-method signature="signUp(java.lang.Object,java.lang.Object,java.lang.Object,java.lang.Object,java.lang.Object,java.lang.Object)[pri:0, instance:com.testng.FBSignUpPage@14dd9eb7]" started-at="2024-11-23T12:17:18 IST" name="signUp" data-provider="signUPData" finished-at="2024-11-23T12:17:18 IST" duration-ms="4" status="PASS">
          <params>
            <param index="0">
              <value>
                <![CDATA[Vaishali]]>
              </value>
            </param>
            <param index="1">
              <value>
                <![CDATA[Rathod]]>
              </value>
            </param>
            <param index="2">
              <value>
                <![CDATA[11-Oct-1997]]>
              </value>
            </param>
            <param index="3">
              <value>
                <![CDATA[Female]]>
              </value>
            </param>
            <param index="4">
              <value>
                <![CDATA[9891907659]]>
              </value>
            </param>
            <param index="5">
              <value>
                <![CDATA[Vaishali@123$]]>
              </value>
            </param>
          </params>
          <reporter-output>
          </reporter-output>
        </test-method> <!-- signUp -->
        <test-method signature="signUp(java.lang.Object,java.lang.Object,java.lang.Object,java.lang.Object,java.lang.Object,java.lang.Object)[pri:0, instance:com.testng.FBSignUpPage@14dd9eb7]" started-at="2024-11-23T12:17:19 IST" name="signUp" data-provider="signUPData" finished-at="2024-11-23T12:17:19 IST" duration-ms="6" status="PASS">
          <params>
            <param index="0">
              <value>
                <![CDATA[Vaishali]]>
              </value>
            </param>
            <param index="1">
              <value>
                <![CDATA[Rathod]]>
              </value>
            </param>
            <param index="2">
              <value>
                <![CDATA[11-Oct-1997]]>
              </value>
            </param>
            <param index="3">
              <value>
                <![CDATA[Female]]>
              </value>
            </param>
            <param index="4">
              <value>
                <![CDATA[9891907659]]>
              </value>
            </param>
            <param index="5">
              <value>
                <![CDATA[Vaishali@123$]]>
              </value>
            </param>
          </params>
          <reporter-output>
          </reporter-output>
        </test-method> <!-- signUp -->
        <test-method signature="signUp(java.lang.Object,java.lang.Object,java.lang.Object,java.lang.Object,java.lang.Object,java.lang.Object)[pri:0, instance:com.testng.FBSignUpPage@14dd9eb7]" started-at="2024-11-23T12:17:19 IST" name="signUp" data-provider="signUPData" finished-at="2024-11-23T12:17:19 IST" duration-ms="6" status="PASS">
          <params>
            <param index="0">
              <value>
                <![CDATA[Vasant]]>
              </value>
            </param>
            <param index="1">
              <value>
                <![CDATA[Chavan]]>
              </value>
            </param>
            <param index="2">
              <value>
                <![CDATA[22-Apr-1990]]>
              </value>
            </param>
            <param index="3">
              <value>
                <![CDATA[Male]]>
              </value>
            </param>
            <param index="4">
              <value>
                <![CDATA[9898987656]]>
              </value>
            </param>
            <param index="5">
              <value>
                <![CDATA[Vasant@123$]]>
              </value>
            </param>
          </params>
          <reporter-output>
          </reporter-output>
        </test-method> <!-- signUp -->
        <test-method signature="signUp(java.lang.Object,java.lang.Object,java.lang.Object,java.lang.Object,java.lang.Object,java.lang.Object)[pri:0, instance:com.testng.FBSignUpPage@14dd9eb7]" started-at="2024-11-23T12:17:19 IST" name="signUp" data-provider="signUPData" finished-at="2024-11-23T12:17:19 IST" duration-ms="6" status="PASS">
          <params>
            <param index="0">
              <value>
                <![CDATA[Janvi]]>
              </value>
            </param>
            <param index="1">
              <value>
                <![CDATA[Zha]]>
              </value>
            </param>
            <param index="2">
              <value>
                <![CDATA[21-Jul-2000]]>
              </value>
            </param>
            <param index="3">
              <value>
                <![CDATA[Custom]]>
              </value>
            </param>
            <param index="4">
              <value>
                <![CDATA[9898987656]]>
              </value>
            </param>
            <param index="5">
              <value>
                <![CDATA[Janvi@123$]]>
              </value>
            </param>
          </params>
          <reporter-output>
          </reporter-output>
        </test-method> <!-- signUp -->
      </class> <!-- com.testng.FBSignUpPage -->
    </test> <!-- Default test -->
  </suite> <!-- Default suite -->
</testng-results>
