<?xml version="1.0" encoding="UTF-8"?>
<!-- Generated by org.testng.reporters.JUnitXMLReporter -->
<testsuite ignored="3" hostname="Vasant" failures="0" tests="2" name="Default test(failed)" time="0.105" errors="0" timestamp="2024-11-23T10:55:34 IST">
  <testcase classname="com.testng.FailedTestInTestNG" name="test2" time="0.025"/>
  <testcase classname="com.testng.FailedTestInTestNG" name="test4" time="0.003"/>
  <testcase classname="com.testng.FailedTestInTestNG" name="test5" time="0.0">
    <ignored/>
  </testcase> <!-- test5 -->
  <testcase classname="com.testng.FailedTestInTestNG" name="test3" time="0.0">
    <ignored/>
  </testcase> <!-- test3 -->
  <testcase classname="com.testng.FailedTestInTestNG" name="test1" time="0.0">
    <ignored/>
  </testcase> <!-- test1 -->
</testsuite> <!-- Default test(failed) -->
