<?xml version="1.0" encoding="UTF-8"?>
<!-- Generated by org.testng.reporters.JUnitXMLReporter -->
<testsuite ignored="0" hostname="Vasant" failures="0" tests="6" name="Default test" time="0.175" errors="0" timestamp="2024-11-23T12:17:19 IST">
  <testcase classname="com.testng.FBSignUpPage" name="signUp" time="0.029"/>
  <testcase classname="com.testng.FBSignUpPage" name="signUp" time="0.008"/>
  <testcase classname="com.testng.FBSignUpPage" name="signUp" time="0.004"/>
  <testcase classname="com.testng.FBSignUpPage" name="signUp" time="0.006"/>
  <testcase classname="com.testng.FBSignUpPage" name="signUp" time="0.006"/>
  <testcase classname="com.testng.FBSignUpPage" name="signUp" time="0.006"/>
</testsuite> <!-- Default test -->
